2024-11-21 00:44:49 - INFO - Tomcat initialized with port 8080 (http)
2024-11-21 00:44:55 - INFO - Tomcat started on port 8080 (http) with context path '/'
2024-11-21 00:46:23 - INFO - Commencing graceful shutdown. Waiting for active requests to complete
2024-11-21 00:46:23 - INFO - Graceful shutdown complete
2024-11-21 00:47:01 - INFO - Tomcat initialized with port 8080 (http)
2024-11-21 00:47:07 - INFO - Tomcat started on port 8080 (http) with context path '/'
2024-11-21 00:53:08 - INFO - Commencing graceful shutdown. Waiting for active requests to complete
2024-11-21 00:53:08 - INFO - Graceful shutdown complete
2024-11-21 00:54:23 - INFO - Tomcat initialized with port 8080 (http)
2024-11-21 00:54:28 - INFO - Tomcat started on port 8080 (http) with context path '/'
2024-11-21 00:56:38 - INFO - Commencing graceful shutdown. Waiting for active requests to complete
2024-11-21 00:56:38 - INFO - Graceful shutdown complete
2024-11-21 16:30:41 - INFO - Tomcat initialized with port 8080 (http)
2024-11-21 16:30:47 - INFO - Tomcat started on port 8080 (http) with context path '/'
2024-11-21 16:30:56 - INFO - Commencing graceful shutdown. Waiting for active requests to complete
2024-11-21 16:30:56 - INFO - Graceful shutdown complete
2024-11-21 16:31:15 - INFO - Tomcat initialized with port 8080 (http)
2024-11-21 16:31:21 - INFO - Tomcat started on port 8080 (http) with context path '/'
2024-11-21 16:31:26 - INFO - Commencing graceful shutdown. Waiting for active requests to complete
2024-11-21 16:31:26 - INFO - Graceful shutdown complete
2024-11-21 16:31:39 - INFO - Tomcat initialized with port 8080 (http)
2024-11-21 16:31:44 - INFO - Tomcat started on port 8080 (http) with context path '/'
2024-11-21 16:31:47 - INFO - Commencing graceful shutdown. Waiting for active requests to complete
2024-11-21 16:31:47 - INFO - Graceful shutdown complete
2024-11-21 16:32:03 - INFO - Tomcat initialized with port 8080 (http)
2024-11-21 16:32:06 - INFO - Tomcat started on port 8080 (http) with context path '/'
2024-11-21 16:32:09 - INFO - Commencing graceful shutdown. Waiting for active requests to complete
2024-11-21 16:32:09 - INFO - Graceful shutdown complete
2024-11-21 16:37:47 - INFO - Tomcat initialized with port 8080 (http)
2024-11-21 16:37:50 - WARN - SQL Warning Code: 0, SQLState: 00000
2024-11-21 16:37:50 - WARN - constraint "ukkr72u9hm7s984qp09nqgchciq" of relation "students" does not exist, skipping
2024-11-21 16:37:50 - WARN - SQL Warning Code: 0, SQLState: 00000
2024-11-21 16:37:50 - WARN - constraint "uke2rndfrsx22acpq2ty1caeuyw" of relation "students" does not exist, skipping
2024-11-21 16:37:50 - WARN - SQL Warning Code: 0, SQLState: 00000
2024-11-21 16:37:50 - WARN - constraint "uktdld3q5q0s0u7v0rq4h9jiohn" of relation "students" does not exist, skipping
2024-11-21 16:37:50 - WARN - SQL Warning Code: 0, SQLState: 00000
2024-11-21 16:37:50 - WARN - constraint "uk8vqgne769nl1j6t402gbc2waa" of relation "students" does not exist, skipping
2024-11-21 16:37:50 - WARN - SQL Warning Code: 0, SQLState: 00000
2024-11-21 16:37:50 - WARN - constraint "ukd3ifbrpqs2cg78j67xel1p1v0" of relation "tutors" does not exist, skipping
2024-11-21 16:37:51 - WARN - SQL Warning Code: 0, SQLState: 00000
2024-11-21 16:37:51 - WARN - constraint "ukcx2524pmv5o93f0aihe1o8lgp" of relation "tutors" does not exist, skipping
2024-11-21 16:37:51 - WARN - SQL Warning Code: 0, SQLState: 00000
2024-11-21 16:37:51 - WARN - constraint "ukqp0kbe76vyucflerjy47366pl" of relation "tutors" does not exist, skipping
2024-11-21 16:37:51 - WARN - SQL Warning Code: 0, SQLState: 00000
2024-11-21 16:37:51 - WARN - constraint "ukind7tkw1not43qg3e92nqy6s6" of relation "tutors" does not exist, skipping
2024-11-21 16:37:52 - INFO - Tomcat started on port 8080 (http) with context path '/'
2024-11-21 16:44:26 - INFO - Commencing graceful shutdown. Waiting for active requests to complete
2024-11-21 16:44:26 - INFO - Graceful shutdown complete
